<?xml version="1.0" encoding="UTF-8"?>
<!-- Generated by org.testng.reporters.JUnitXMLReporter -->
<testsuite hostname="Selenium-W2A" name="RegisterUsers test" tests="1" failures="0" timestamp="9 Dec 2012 09:50:07 GMT" time="0.012" errors="0">
  <testcase name="@BeforeTest isSkip" time="0.0" classname="dd_tests.registerUserTest">
    <skipped/>
  </testcase> <!-- @BeforeTest isSkip -->
  <testcase name="userRegisteration" time="0.0010" classname="dd_tests.registerUserTest">
    <skipped/>
  </testcase> <!-- userRegisteration -->
</testsuite> <!-- RegisterUsers test -->
